<?xml version="1.0" encoding="UTF-8"?>
<!-- Generated by org.testng.reporters.JUnitReportReporter -->
<testsuite hostname="user" failures="0" tests="2" name="DemoTest.TestCases" time="0.017" errors="0" timestamp="2022-09-30T11:32:09 IST" skipped="0">
  <testcase classname="DemoTest.TestCases" name="checkNumInternationalPlayers" time="0.016"/>
  <system-out/>
  <testcase classname="DemoTest.TestCases" name="checkOneWicketKeeper" time="0.001"/>
  <system-out/>
</testsuite> <!-- DemoTest.TestCases -->
